<?xml version="1.0" encoding="UTF-8"?>
<!-- Generated by org.testng.reporters.JUnitXMLReporter -->
<testsuite ignored="0" hostname="LAPTOP-6UNRTCRV" failures="0" tests="7" name="Accounts Page Test" time="46.3" errors="0" timestamp="2024-07-17T07:06:05 IST">
  <testcase classname="com.qa.opencart.tests.AccountsPageTest" name="accPageTitleTest" time="0.027"/>
  <testcase classname="com.qa.opencart.tests.AccountsPageTest" name="accPageURLTest" time="0.025"/>
  <testcase classname="com.qa.opencart.tests.AccountsPageTest" name="accPageHeadersTest" time="0.171"/>
  <testcase classname="com.qa.opencart.tests.AccountsPageTest" name="searchTest" time="6.644"/>
  <testcase classname="com.qa.opencart.tests.AccountsPageTest" name="searchTest" time="8.707"/>
  <testcase classname="com.qa.opencart.tests.AccountsPageTest" name="searchTest" time="10.581"/>
  <testcase classname="com.qa.opencart.tests.AccountsPageTest" name="searchTest" time="10.809"/>
</testsuite> <!-- Accounts Page Test -->
