<?xml version="1.0" encoding="UTF-8"?>
<!-- Generated by org.testng.reporters.JUnitXMLReporter -->
<testsuite ignored="0" hostname="LAPTOP-6UNRTCRV" failures="0" tests="5" name="Reg Page Test" time="53.896" errors="0" timestamp="2024-07-17T07:06:12 IST">
  <testcase classname="com.qa.opencart.tests.RegisterPageTest" name="userRegisterationTest" time="25.542"/>
  <testcase classname="com.qa.opencart.tests.RegisterPageTest" name="userRegisterationTest" time="6.932"/>
  <testcase classname="com.qa.opencart.tests.RegisterPageTest" name="userRegisterationTest" time="4.185"/>
  <testcase classname="com.qa.opencart.tests.RegisterPageTest" name="userRegisterationTest" time="4.276"/>
  <testcase classname="com.qa.opencart.tests.RegisterPageTest" name="userRegisterationTest" time="3.926"/>
</testsuite> <!-- Reg Page Test -->
